<?xml version="1.0" encoding="UTF-8"?>
<!-- Generated by org.testng.reporters.JUnitReportReporter -->
<testsuite name="suite.AppiumProject.APIDemo" tests="1" time="18.828" ignored="0" failures="0" timestamp="25 Jan 2021 08:04:47 GMT" skipped="0" hostname="FHLT0017" errors="0">
  <testcase name="tc_APIDemo" time="18.828" classname="suite.AppiumProject.APIDemo"/>
</testsuite> <!-- suite.AppiumProject.APIDemo -->
