<?xml version="1.0" encoding="UTF-8"?>
<!-- Generated by org.testng.reporters.JUnitReportReporter -->
<testsuite name="suite.AppiumProject.AlertsTest" tests="1" time="27.974" ignored="0" failures="0" timestamp="29 Jan 2021 15:26:05 GMT" skipped="0" hostname="FHLT0017" errors="0">
  <testcase name="TC_AlertsTest" time="27.974" classname="suite.AppiumProject.AlertsTest"/>
</testsuite> <!-- suite.AppiumProject.AlertsTest -->
