<?xml version="1.0" encoding="UTF-8"?>
<!-- Generated by org.testng.reporters.JUnitReportReporter -->
<testsuite name="suite.AppiumProject.LaunchApp" tests="1" time="144.339" ignored="0" failures="0" timestamp="27 Jan 2021 15:49:51 GMT" skipped="0" hostname="FHLT0017" errors="0">
  <testcase name="TC_LaunchApp" time="144.339" classname="suite.AppiumProject.LaunchApp"/>
</testsuite> <!-- suite.AppiumProject.LaunchApp -->
