<?xml version="1.0" encoding="UTF-8"?>
<!-- Generated by org.testng.reporters.JUnitReportReporter -->
<testsuite name="suite.AppiumProject.LaunchApp2" tests="1" time="19.329" ignored="0" failures="0" timestamp="28 Jan 2021 15:27:57 GMT" skipped="0" hostname="FHLT0017" errors="0">
  <testcase name="TC_LaunchApp" time="19.329" classname="suite.AppiumProject.LaunchApp2"/>
</testsuite> <!-- suite.AppiumProject.LaunchApp2 -->
